C:\Users\zethr\Spring 2016\quake4\Release\cl.command.1.tlog
C:\Users\zethr\Spring 2016\quake4\Release\CL.read.1.tlog
C:\Users\zethr\Spring 2016\quake4\Release\CL.write.1.tlog
C:\USERS\ZETHR\SPRING 2016\QUAKE4\RELEASE\IDLIB.LIB
C:\USERS\ZETHR\SPRING 2016\QUAKE4\RELEASE\IDLIB.PDB
C:\Users\zethr\Spring 2016\quake4\Release\idlib.write.1.tlog
C:\USERS\ZETHR\SPRING 2016\QUAKE4\RELEASE\IDLIB\ANGLES.OBJ
C:\USERS\ZETHR\SPRING 2016\QUAKE4\RELEASE\IDLIB\BASE64.OBJ
C:\USERS\ZETHR\SPRING 2016\QUAKE4\RELEASE\IDLIB\BITMSG.OBJ
C:\USERS\ZETHR\SPRING 2016\QUAKE4\RELEASE\IDLIB\BOUNDS.OBJ
C:\USERS\ZETHR\SPRING 2016\QUAKE4\RELEASE\IDLIB\BOX.OBJ
C:\USERS\ZETHR\SPRING 2016\QUAKE4\RELEASE\IDLIB\CMDARGS.OBJ
C:\USERS\ZETHR\SPRING 2016\QUAKE4\RELEASE\IDLIB\COMPLEX.OBJ
C:\USERS\ZETHR\SPRING 2016\QUAKE4\RELEASE\IDLIB\CRC16.OBJ
C:\USERS\ZETHR\SPRING 2016\QUAKE4\RELEASE\IDLIB\CRC32.OBJ
C:\USERS\ZETHR\SPRING 2016\QUAKE4\RELEASE\IDLIB\CRC8.OBJ
C:\USERS\ZETHR\SPRING 2016\QUAKE4\RELEASE\IDLIB\DICT.OBJ
C:\USERS\ZETHR\SPRING 2016\QUAKE4\RELEASE\IDLIB\FFT.OBJ
C:\USERS\ZETHR\SPRING 2016\QUAKE4\RELEASE\IDLIB\FRUSTUM.OBJ
C:\USERS\ZETHR\SPRING 2016\QUAKE4\RELEASE\IDLIB\HASHINDEX.OBJ
C:\USERS\ZETHR\SPRING 2016\QUAKE4\RELEASE\IDLIB\HEAP.OBJ
C:\USERS\ZETHR\SPRING 2016\QUAKE4\RELEASE\IDLIB\HONEYMAN.OBJ
C:\USERS\ZETHR\SPRING 2016\QUAKE4\RELEASE\IDLIB\IDLIB.PCH
C:\USERS\ZETHR\SPRING 2016\QUAKE4\RELEASE\IDLIB\JOINTTRANSFORM.OBJ
C:\USERS\ZETHR\SPRING 2016\QUAKE4\RELEASE\IDLIB\LANGDICT.OBJ
C:\USERS\ZETHR\SPRING 2016\QUAKE4\RELEASE\IDLIB\LCP.OBJ
C:\USERS\ZETHR\SPRING 2016\QUAKE4\RELEASE\IDLIB\LEXER.OBJ
C:\USERS\ZETHR\SPRING 2016\QUAKE4\RELEASE\IDLIB\LEXERFACTORY.OBJ
C:\USERS\ZETHR\SPRING 2016\QUAKE4\RELEASE\IDLIB\LIB.OBJ
C:\USERS\ZETHR\SPRING 2016\QUAKE4\RELEASE\IDLIB\MAPFILE.OBJ
C:\USERS\ZETHR\SPRING 2016\QUAKE4\RELEASE\IDLIB\MATH.OBJ
C:\USERS\ZETHR\SPRING 2016\QUAKE4\RELEASE\IDLIB\MATRIX.OBJ
C:\USERS\ZETHR\SPRING 2016\QUAKE4\RELEASE\IDLIB\MD4.OBJ
C:\USERS\ZETHR\SPRING 2016\QUAKE4\RELEASE\IDLIB\MD5.OBJ
C:\USERS\ZETHR\SPRING 2016\QUAKE4\RELEASE\IDLIB\ODE.OBJ
C:\USERS\ZETHR\SPRING 2016\QUAKE4\RELEASE\IDLIB\PARSER.OBJ
C:\USERS\ZETHR\SPRING 2016\QUAKE4\RELEASE\IDLIB\PLANE.OBJ
C:\USERS\ZETHR\SPRING 2016\QUAKE4\RELEASE\IDLIB\PLUECKER.OBJ
C:\USERS\ZETHR\SPRING 2016\QUAKE4\RELEASE\IDLIB\POLYNOMIAL.OBJ
C:\USERS\ZETHR\SPRING 2016\QUAKE4\RELEASE\IDLIB\QUAT.OBJ
C:\USERS\ZETHR\SPRING 2016\QUAKE4\RELEASE\IDLIB\RADIANS.OBJ
C:\USERS\ZETHR\SPRING 2016\QUAKE4\RELEASE\IDLIB\ROTATION.OBJ
C:\USERS\ZETHR\SPRING 2016\QUAKE4\RELEASE\IDLIB\RVHEAP.OBJ
C:\USERS\ZETHR\SPRING 2016\QUAKE4\RELEASE\IDLIB\RVHEAPARENA.OBJ
C:\USERS\ZETHR\SPRING 2016\QUAKE4\RELEASE\IDLIB\RVMEMSYS.OBJ
C:\USERS\ZETHR\SPRING 2016\QUAKE4\RELEASE\IDLIB\SIMD.OBJ
C:\USERS\ZETHR\SPRING 2016\QUAKE4\RELEASE\IDLIB\SIMD_3DNOW.OBJ
C:\USERS\ZETHR\SPRING 2016\QUAKE4\RELEASE\IDLIB\SIMD_GENERIC.OBJ
C:\USERS\ZETHR\SPRING 2016\QUAKE4\RELEASE\IDLIB\SIMD_MMX.OBJ
C:\USERS\ZETHR\SPRING 2016\QUAKE4\RELEASE\IDLIB\SIMD_SSE.OBJ
C:\USERS\ZETHR\SPRING 2016\QUAKE4\RELEASE\IDLIB\SIMD_SSE2.OBJ
C:\USERS\ZETHR\SPRING 2016\QUAKE4\RELEASE\IDLIB\SIMD_SSE3.OBJ
C:\USERS\ZETHR\SPRING 2016\QUAKE4\RELEASE\IDLIB\SPHERE.OBJ
C:\USERS\ZETHR\SPRING 2016\QUAKE4\RELEASE\IDLIB\STR.OBJ
C:\USERS\ZETHR\SPRING 2016\QUAKE4\RELEASE\IDLIB\SURFACE.OBJ
C:\USERS\ZETHR\SPRING 2016\QUAKE4\RELEASE\IDLIB\SURFACE_PATCH.OBJ
C:\USERS\ZETHR\SPRING 2016\QUAKE4\RELEASE\IDLIB\SURFACE_POLYTOPE.OBJ
C:\USERS\ZETHR\SPRING 2016\QUAKE4\RELEASE\IDLIB\SURFACE_SWEPTSPLINE.OBJ
C:\USERS\ZETHR\SPRING 2016\QUAKE4\RELEASE\IDLIB\TEXTCOMPILER.OBJ
C:\USERS\ZETHR\SPRING 2016\QUAKE4\RELEASE\IDLIB\TIMER.OBJ
C:\USERS\ZETHR\SPRING 2016\QUAKE4\RELEASE\IDLIB\TIMINGCOLLECTION.OBJ
C:\USERS\ZETHR\SPRING 2016\QUAKE4\RELEASE\IDLIB\TOKEN.OBJ
C:\USERS\ZETHR\SPRING 2016\QUAKE4\RELEASE\IDLIB\TRACEMODEL.OBJ
C:\USERS\ZETHR\SPRING 2016\QUAKE4\RELEASE\IDLIB\VECTOR.OBJ
C:\USERS\ZETHR\SPRING 2016\QUAKE4\RELEASE\IDLIB\WINDING.OBJ
C:\USERS\ZETHR\SPRING 2016\QUAKE4\RELEASE\IDLIB\WINDING2D.OBJ
C:\Users\zethr\Spring 2016\quake4\Release\lib.command.1.tlog
C:\Users\zethr\Spring 2016\quake4\Release\Lib-link.read.1.tlog
C:\Users\zethr\Spring 2016\quake4\Release\Lib-link.write.1.tlog
C:\Users\zethr\Spring 2016\quake4\Release\mpgame.write.1.tlog
C:\USERS\ZETHR\SPRING 2016\QUAKE4\RELEASE\MPGAME\AAS.OBJ
C:\USERS\ZETHR\SPRING 2016\QUAKE4\RELEASE\MPGAME\AAS_DEBUG.OBJ
C:\USERS\ZETHR\SPRING 2016\QUAKE4\RELEASE\MPGAME\AAS_FIND.OBJ
C:\USERS\ZETHR\SPRING 2016\QUAKE4\RELEASE\MPGAME\AAS_PATHING.OBJ
C:\USERS\ZETHR\SPRING 2016\QUAKE4\RELEASE\MPGAME\AAS_ROUTING.OBJ
C:\USERS\ZETHR\SPRING 2016\QUAKE4\RELEASE\MPGAME\AAS_TACTICAL.OBJ
C:\USERS\ZETHR\SPRING 2016\QUAKE4\RELEASE\MPGAME\ACTOR.OBJ
C:\USERS\ZETHR\SPRING 2016\QUAKE4\RELEASE\MPGAME\AF.OBJ
C:\USERS\ZETHR\SPRING 2016\QUAKE4\RELEASE\MPGAME\AFENTITY.OBJ
C:\USERS\ZETHR\SPRING 2016\QUAKE4\RELEASE\MPGAME\AI.OBJ
C:\USERS\ZETHR\SPRING 2016\QUAKE4\RELEASE\MPGAME\AI_ACTIONS.OBJ
C:\USERS\ZETHR\SPRING 2016\QUAKE4\RELEASE\MPGAME\AI_ANNOUNCEMENTS.OBJ
C:\USERS\ZETHR\SPRING 2016\QUAKE4\RELEASE\MPGAME\AI_DEBUG.OBJ
C:\USERS\ZETHR\SPRING 2016\QUAKE4\RELEASE\MPGAME\AI_EVENTS.OBJ
C:\USERS\ZETHR\SPRING 2016\QUAKE4\RELEASE\MPGAME\AI_MANAGER.OBJ
C:\USERS\ZETHR\SPRING 2016\QUAKE4\RELEASE\MPGAME\AI_MEDIC.OBJ
C:\USERS\ZETHR\SPRING 2016\QUAKE4\RELEASE\MPGAME\AI_MOVE.OBJ
C:\USERS\ZETHR\SPRING 2016\QUAKE4\RELEASE\MPGAME\AI_PATHING.OBJ
C:\USERS\ZETHR\SPRING 2016\QUAKE4\RELEASE\MPGAME\AI_STATES.OBJ
C:\USERS\ZETHR\SPRING 2016\QUAKE4\RELEASE\MPGAME\AI_TACTICAL.OBJ
C:\USERS\ZETHR\SPRING 2016\QUAKE4\RELEASE\MPGAME\AI_UTIL.OBJ
C:\USERS\ZETHR\SPRING 2016\QUAKE4\RELEASE\MPGAME\ANIM.OBJ
C:\USERS\ZETHR\SPRING 2016\QUAKE4\RELEASE\MPGAME\ANIM_BLEND.OBJ
C:\USERS\ZETHR\SPRING 2016\QUAKE4\RELEASE\MPGAME\ANIM_IMPORT.OBJ
C:\USERS\ZETHR\SPRING 2016\QUAKE4\RELEASE\MPGAME\ANIM_TESTMODEL.OBJ
C:\USERS\ZETHR\SPRING 2016\QUAKE4\RELEASE\MPGAME\BRITTLEFRACTURE.OBJ
C:\USERS\ZETHR\SPRING 2016\QUAKE4\RELEASE\MPGAME\BUYING.OBJ
C:\USERS\ZETHR\SPRING 2016\QUAKE4\RELEASE\MPGAME\CAMERA.OBJ
C:\USERS\ZETHR\SPRING 2016\QUAKE4\RELEASE\MPGAME\CLASS.OBJ
C:\USERS\ZETHR\SPRING 2016\QUAKE4\RELEASE\MPGAME\CLIENTAFENTITY.OBJ
C:\USERS\ZETHR\SPRING 2016\QUAKE4\RELEASE\MPGAME\CLIENTEFFECT.OBJ
C:\USERS\ZETHR\SPRING 2016\QUAKE4\RELEASE\MPGAME\CLIENTENTITY.OBJ
C:\USERS\ZETHR\SPRING 2016\QUAKE4\RELEASE\MPGAME\CLIENTMODEL.OBJ
C:\USERS\ZETHR\SPRING 2016\QUAKE4\RELEASE\MPGAME\CLIENTMOVEABLE.OBJ
C:\USERS\ZETHR\SPRING 2016\QUAKE4\RELEASE\MPGAME\CLIP.OBJ
C:\USERS\ZETHR\SPRING 2016\QUAKE4\RELEASE\MPGAME\CTF.OBJ
C:\USERS\ZETHR\SPRING 2016\QUAKE4\RELEASE\MPGAME\DEBUGGRAPH.OBJ
C:\USERS\ZETHR\SPRING 2016\QUAKE4\RELEASE\MPGAME\EFFECT.OBJ
C:\USERS\ZETHR\SPRING 2016\QUAKE4\RELEASE\MPGAME\ENTITY.OBJ
C:\USERS\ZETHR\SPRING 2016\QUAKE4\RELEASE\MPGAME\EVENT.OBJ
C:\USERS\ZETHR\SPRING 2016\QUAKE4\RELEASE\MPGAME\FORCE.OBJ
C:\USERS\ZETHR\SPRING 2016\QUAKE4\RELEASE\MPGAME\FORCE_CONSTANT.OBJ
C:\USERS\ZETHR\SPRING 2016\QUAKE4\RELEASE\MPGAME\FORCE_DRAG.OBJ
C:\USERS\ZETHR\SPRING 2016\QUAKE4\RELEASE\MPGAME\FORCE_FIELD.OBJ
C:\USERS\ZETHR\SPRING 2016\QUAKE4\RELEASE\MPGAME\FORCE_SPRING.OBJ
C:\USERS\ZETHR\SPRING 2016\QUAKE4\RELEASE\MPGAME\GAME_DEBUG.OBJ
C:\USERS\ZETHR\SPRING 2016\QUAKE4\RELEASE\MPGAME\GAME_LOCAL.OBJ
C:\USERS\ZETHR\SPRING 2016\QUAKE4\RELEASE\MPGAME\GAME_LOG.OBJ
C:\USERS\ZETHR\SPRING 2016\QUAKE4\RELEASE\MPGAME\GAME_NETWORK.OBJ
C:\USERS\ZETHR\SPRING 2016\QUAKE4\RELEASE\MPGAME\GAMEEDIT.OBJ
C:\USERS\ZETHR\SPRING 2016\QUAKE4\RELEASE\MPGAME\GAMESTATE.OBJ
C:\USERS\ZETHR\SPRING 2016\QUAKE4\RELEASE\MPGAME\HEALING_STATION.OBJ
C:\USERS\ZETHR\SPRING 2016\QUAKE4\RELEASE\MPGAME\ICON.OBJ
C:\USERS\ZETHR\SPRING 2016\QUAKE4\RELEASE\MPGAME\ICONMANAGER.OBJ
C:\USERS\ZETHR\SPRING 2016\QUAKE4\RELEASE\MPGAME\IK.OBJ
C:\USERS\ZETHR\SPRING 2016\QUAKE4\RELEASE\MPGAME\INSTANCE.OBJ
C:\USERS\ZETHR\SPRING 2016\QUAKE4\RELEASE\MPGAME\ITEM.OBJ
C:\USERS\ZETHR\SPRING 2016\QUAKE4\RELEASE\MPGAME\LAGOMETER.OBJ
C:\USERS\ZETHR\SPRING 2016\QUAKE4\RELEASE\MPGAME\LIGHT.OBJ
C:\USERS\ZETHR\SPRING 2016\QUAKE4\RELEASE\MPGAME\LIPSYNC.OBJ
C:\USERS\ZETHR\SPRING 2016\QUAKE4\RELEASE\MPGAME\MISC.OBJ
C:\USERS\ZETHR\SPRING 2016\QUAKE4\RELEASE\MPGAME\MONSTER_BERSERKER.OBJ
C:\USERS\ZETHR\SPRING 2016\QUAKE4\RELEASE\MPGAME\MONSTER_BOSSBUDDY.OBJ
C:\USERS\ZETHR\SPRING 2016\QUAKE4\RELEASE\MPGAME\MONSTER_BOSSMAKRON.OBJ
C:\USERS\ZETHR\SPRING 2016\QUAKE4\RELEASE\MPGAME\MONSTER_CONVOYGROUND.OBJ
C:\USERS\ZETHR\SPRING 2016\QUAKE4\RELEASE\MPGAME\MONSTER_CONVOYHOVER.OBJ
C:\USERS\ZETHR\SPRING 2016\QUAKE4\RELEASE\MPGAME\MONSTER_FAILEDTRANSFER.OBJ
C:\USERS\ZETHR\SPRING 2016\QUAKE4\RELEASE\MPGAME\MONSTER_FATTY.OBJ
C:\USERS\ZETHR\SPRING 2016\QUAKE4\RELEASE\MPGAME\MONSTER_GLADIATOR.OBJ
C:\USERS\ZETHR\SPRING 2016\QUAKE4\RELEASE\MPGAME\MONSTER_GRUNT.OBJ
C:\USERS\ZETHR\SPRING 2016\QUAKE4\RELEASE\MPGAME\MONSTER_GUNNER.OBJ
C:\USERS\ZETHR\SPRING 2016\QUAKE4\RELEASE\MPGAME\MONSTER_HARVESTER.OBJ
C:\USERS\ZETHR\SPRING 2016\QUAKE4\RELEASE\MPGAME\MONSTER_HARVESTERDISPERSAL.OBJ
C:\USERS\ZETHR\SPRING 2016\QUAKE4\RELEASE\MPGAME\MONSTER_HEAVYHOVERTANK.OBJ
C:\USERS\ZETHR\SPRING 2016\QUAKE4\RELEASE\MPGAME\MONSTER_IRONMAIDEN.OBJ
C:\USERS\ZETHR\SPRING 2016\QUAKE4\RELEASE\MPGAME\MONSTER_LIGHTTANK.OBJ
C:\USERS\ZETHR\SPRING 2016\QUAKE4\RELEASE\MPGAME\MONSTER_NETWORKGUARDIAN.OBJ
C:\USERS\ZETHR\SPRING 2016\QUAKE4\RELEASE\MPGAME\MONSTER_REPAIRBOT.OBJ
C:\USERS\ZETHR\SPRING 2016\QUAKE4\RELEASE\MPGAME\MONSTER_SCIENTIST.OBJ
C:\USERS\ZETHR\SPRING 2016\QUAKE4\RELEASE\MPGAME\MONSTER_SENTRY.OBJ
C:\USERS\ZETHR\SPRING 2016\QUAKE4\RELEASE\MPGAME\MONSTER_SLIMYTRANSFER.OBJ
C:\USERS\ZETHR\SPRING 2016\QUAKE4\RELEASE\MPGAME\MONSTER_STREAMPROTECTOR.OBJ
C:\USERS\ZETHR\SPRING 2016\QUAKE4\RELEASE\MPGAME\MONSTER_STROGGFLYER.OBJ
C:\USERS\ZETHR\SPRING 2016\QUAKE4\RELEASE\MPGAME\MONSTER_STROGGHOVER.OBJ
C:\USERS\ZETHR\SPRING 2016\QUAKE4\RELEASE\MPGAME\MONSTER_STROGGMARINE.OBJ
C:\USERS\ZETHR\SPRING 2016\QUAKE4\RELEASE\MPGAME\MONSTER_TELEPORTDROPPER.OBJ
C:\USERS\ZETHR\SPRING 2016\QUAKE4\RELEASE\MPGAME\MONSTER_TURRET.OBJ
C:\USERS\ZETHR\SPRING 2016\QUAKE4\RELEASE\MPGAME\MONSTER_TURRETFLYING.OBJ
C:\USERS\ZETHR\SPRING 2016\QUAKE4\RELEASE\MPGAME\MOVEABLE.OBJ
C:\USERS\ZETHR\SPRING 2016\QUAKE4\RELEASE\MPGAME\MOVER.OBJ
C:\USERS\ZETHR\SPRING 2016\QUAKE4\RELEASE\MPGAME\MPGAME.PCH
C:\USERS\ZETHR\SPRING 2016\QUAKE4\RELEASE\MPGAME\MULTIPLAYERGAME.OBJ
C:\USERS\ZETHR\SPRING 2016\QUAKE4\RELEASE\MPGAME\PHYSICS.OBJ
C:\USERS\ZETHR\SPRING 2016\QUAKE4\RELEASE\MPGAME\PHYSICS_ACTOR.OBJ
C:\USERS\ZETHR\SPRING 2016\QUAKE4\RELEASE\MPGAME\PHYSICS_AF.OBJ
C:\USERS\ZETHR\SPRING 2016\QUAKE4\RELEASE\MPGAME\PHYSICS_BASE.OBJ
C:\USERS\ZETHR\SPRING 2016\QUAKE4\RELEASE\MPGAME\PHYSICS_MONSTER.OBJ
C:\USERS\ZETHR\SPRING 2016\QUAKE4\RELEASE\MPGAME\PHYSICS_PARAMETRIC.OBJ
C:\USERS\ZETHR\SPRING 2016\QUAKE4\RELEASE\MPGAME\PHYSICS_PARTICLE.OBJ
C:\USERS\ZETHR\SPRING 2016\QUAKE4\RELEASE\MPGAME\PHYSICS_PLAYER.OBJ
C:\USERS\ZETHR\SPRING 2016\QUAKE4\RELEASE\MPGAME\PHYSICS_RIGIDBODY.OBJ
C:\USERS\ZETHR\SPRING 2016\QUAKE4\RELEASE\MPGAME\PHYSICS_STATIC.OBJ
C:\USERS\ZETHR\SPRING 2016\QUAKE4\RELEASE\MPGAME\PHYSICS_STATICMULTI.OBJ
C:\USERS\ZETHR\SPRING 2016\QUAKE4\RELEASE\MPGAME\PHYSICS_VEHICLEMONSTER.OBJ
C:\USERS\ZETHR\SPRING 2016\QUAKE4\RELEASE\MPGAME\PLAYBACK.OBJ
C:\USERS\ZETHR\SPRING 2016\QUAKE4\RELEASE\MPGAME\PLAYER_CHEATS.OBJ
C:\USERS\ZETHR\SPRING 2016\QUAKE4\RELEASE\MPGAME\PLAYER_STATES.OBJ
C:\USERS\ZETHR\SPRING 2016\QUAKE4\RELEASE\MPGAME\PLAYERVIEW.OBJ
C:\USERS\ZETHR\SPRING 2016\QUAKE4\RELEASE\MPGAME\PROJECTILE.OBJ
C:\USERS\ZETHR\SPRING 2016\QUAKE4\RELEASE\MPGAME\PUSH.OBJ
C:\USERS\ZETHR\SPRING 2016\QUAKE4\RELEASE\MPGAME\PVS.OBJ
C:\USERS\ZETHR\SPRING 2016\QUAKE4\RELEASE\MPGAME\SAVEGAME.OBJ
C:\USERS\ZETHR\SPRING 2016\QUAKE4\RELEASE\MPGAME\SCRIPT_COMPILER.OBJ
C:\USERS\ZETHR\SPRING 2016\QUAKE4\RELEASE\MPGAME\SCRIPT_INTERPRETER.OBJ
C:\USERS\ZETHR\SPRING 2016\QUAKE4\RELEASE\MPGAME\SCRIPT_PROGRAM.OBJ
C:\USERS\ZETHR\SPRING 2016\QUAKE4\RELEASE\MPGAME\SCRIPT_THREAD.OBJ
C:\USERS\ZETHR\SPRING 2016\QUAKE4\RELEASE\MPGAME\SCRIPTFUNCUTILITY.OBJ
C:\USERS\ZETHR\SPRING 2016\QUAKE4\RELEASE\MPGAME\SECURITYCAMERA.OBJ
C:\USERS\ZETHR\SPRING 2016\QUAKE4\RELEASE\MPGAME\SOUND.OBJ
C:\USERS\ZETHR\SPRING 2016\QUAKE4\RELEASE\MPGAME\SPAWNER.OBJ
C:\USERS\ZETHR\SPRING 2016\QUAKE4\RELEASE\MPGAME\SPLINEMOVER.OBJ
C:\USERS\ZETHR\SPRING 2016\QUAKE4\RELEASE\MPGAME\STATE.OBJ
C:\USERS\ZETHR\SPRING 2016\QUAKE4\RELEASE\MPGAME\STATEVENT.OBJ
C:\USERS\ZETHR\SPRING 2016\QUAKE4\RELEASE\MPGAME\STATMANAGER.OBJ
C:\USERS\ZETHR\SPRING 2016\QUAKE4\RELEASE\MPGAME\STATWINDOW.OBJ
C:\USERS\ZETHR\SPRING 2016\QUAKE4\RELEASE\MPGAME\SYSCMDS.OBJ
C:\USERS\ZETHR\SPRING 2016\QUAKE4\RELEASE\MPGAME\SYSCVAR.OBJ
C:\USERS\ZETHR\SPRING 2016\QUAKE4\RELEASE\MPGAME\TARGET.OBJ
C:\USERS\ZETHR\SPRING 2016\QUAKE4\RELEASE\MPGAME\TOURNEY.OBJ
C:\USERS\ZETHR\SPRING 2016\QUAKE4\RELEASE\MPGAME\TRAMGATE.OBJ
C:\USERS\ZETHR\SPRING 2016\QUAKE4\RELEASE\MPGAME\TRIGGER.OBJ
C:\USERS\ZETHR\SPRING 2016\QUAKE4\RELEASE\MPGAME\VEHICLE.OBJ
C:\USERS\ZETHR\SPRING 2016\QUAKE4\RELEASE\MPGAME\VEHICLE_DROPPOD.OBJ
C:\USERS\ZETHR\SPRING 2016\QUAKE4\RELEASE\MPGAME\VEHICLE_WALKER.OBJ
C:\USERS\ZETHR\SPRING 2016\QUAKE4\RELEASE\MPGAME\VEHICLEAI.OBJ
C:\USERS\ZETHR\SPRING 2016\QUAKE4\RELEASE\MPGAME\VEHICLEANIMATED.OBJ
C:\USERS\ZETHR\SPRING 2016\QUAKE4\RELEASE\MPGAME\VEHICLECONTROLLER.OBJ
C:\USERS\ZETHR\SPRING 2016\QUAKE4\RELEASE\MPGAME\VEHICLEDRIVER.OBJ
C:\USERS\ZETHR\SPRING 2016\QUAKE4\RELEASE\MPGAME\VEHICLEMONSTER.OBJ
C:\USERS\ZETHR\SPRING 2016\QUAKE4\RELEASE\MPGAME\VEHICLEPARTS.OBJ
C:\USERS\ZETHR\SPRING 2016\QUAKE4\RELEASE\MPGAME\VEHICLEPOSITION.OBJ
C:\USERS\ZETHR\SPRING 2016\QUAKE4\RELEASE\MPGAME\VEHICLERIGID.OBJ
C:\USERS\ZETHR\SPRING 2016\QUAKE4\RELEASE\MPGAME\VEHICLESPLINE.OBJ
C:\USERS\ZETHR\SPRING 2016\QUAKE4\RELEASE\MPGAME\VEHICLESTATIC.OBJ
C:\USERS\ZETHR\SPRING 2016\QUAKE4\RELEASE\MPGAME\VOICECOMMS.OBJ
C:\USERS\ZETHR\SPRING 2016\QUAKE4\RELEASE\MPGAME\WEAPON.OBJ
C:\USERS\ZETHR\SPRING 2016\QUAKE4\RELEASE\MPGAME\WEAPONBLASTER.OBJ
C:\USERS\ZETHR\SPRING 2016\QUAKE4\RELEASE\MPGAME\WEAPONDARKMATTERGUN.OBJ
C:\USERS\ZETHR\SPRING 2016\QUAKE4\RELEASE\MPGAME\WEAPONGAUNTLET.OBJ
C:\USERS\ZETHR\SPRING 2016\QUAKE4\RELEASE\MPGAME\WEAPONGRENADELAUNCHER.OBJ
C:\USERS\ZETHR\SPRING 2016\QUAKE4\RELEASE\MPGAME\WEAPONHYPERBLASTER.OBJ
C:\USERS\ZETHR\SPRING 2016\QUAKE4\RELEASE\MPGAME\WEAPONLIGHTNINGGUN.OBJ
C:\USERS\ZETHR\SPRING 2016\QUAKE4\RELEASE\MPGAME\WEAPONMACHINEGUN.OBJ
C:\USERS\ZETHR\SPRING 2016\QUAKE4\RELEASE\MPGAME\WEAPONNAILGUN.OBJ
C:\USERS\ZETHR\SPRING 2016\QUAKE4\RELEASE\MPGAME\WEAPONNAPALMGUN.OBJ
C:\USERS\ZETHR\SPRING 2016\QUAKE4\RELEASE\MPGAME\WEAPONRAILGUN.OBJ
C:\USERS\ZETHR\SPRING 2016\QUAKE4\RELEASE\MPGAME\WEAPONROCKETLAUNCHER.OBJ
C:\USERS\ZETHR\SPRING 2016\QUAKE4\RELEASE\MPGAME\WEAPONSHOTGUN.OBJ
C:\USERS\ZETHR\SPRING 2016\QUAKE4\RELEASE\MPGAME\WORLDSPAWN.OBJ
C:\USERS\ZETHR\SPRING 2016\QUAKE4\RELEASE\MPGAMEX86.PDB
